0 info it worked if it ends with ok
1 verbose cli [ 'c:\\Program Files\\nodejs\\node.exe',
1 verbose cli   'c:\\Program Files\\nodejs\\node_modules\\npm\\bin\\npm-cli.js',
1 verbose cli   'install',
1 verbose cli   'ouath' ]
2 info using npm@1.4.28
3 info using node@v0.10.33
4 warn package.json rdb@0.1.0 No repository field.
5 warn package.json datajs@1.0.3 No repository field.
6 warn package.json datajs@1.0.3 No README data
7 verbose readDependencies using package.json deps
8 verbose cache add [ 'ouath', null ]
9 verbose cache add name=undefined spec="ouath" args=["ouath",null]
10 verbose parsed url { protocol: null,
10 verbose parsed url   slashes: null,
10 verbose parsed url   auth: null,
10 verbose parsed url   host: null,
10 verbose parsed url   port: null,
10 verbose parsed url   hostname: null,
10 verbose parsed url   hash: null,
10 verbose parsed url   search: null,
10 verbose parsed url   query: null,
10 verbose parsed url   pathname: 'ouath',
10 verbose parsed url   path: 'ouath',
10 verbose parsed url   href: 'ouath' }
11 silly lockFile bc0a3f41-ouath ouath
12 verbose lock ouath C:\Users\nasahoo\AppData\Roaming\npm-cache\bc0a3f41-ouath.lock
13 silly lockFile bc0a3f41-ouath ouath
14 silly lockFile bc0a3f41-ouath ouath
15 verbose addNamed [ 'ouath', '' ]
16 verbose addNamed [ null, '*' ]
17 silly lockFile 31ff61ef-ouath ouath@
18 verbose lock ouath@ C:\Users\nasahoo\AppData\Roaming\npm-cache\31ff61ef-ouath.lock
19 silly addNameRange { name: 'ouath', range: '*', hasData: false }
20 verbose request where is /ouath
21 verbose request registry http://npm.paypal.com/
22 verbose request id 18d4e04a7d6299ac
23 verbose url raw /ouath
24 verbose url resolving [ 'http://npm.paypal.com/', './ouath' ]
25 verbose url resolved http://npm.paypal.com/ouath
26 verbose request where is http://npm.paypal.com/ouath
27 info trying registry request attempt 1 at 22:50:07
28 http GET http://npm.paypal.com/ouath
29 http 404 http://npm.paypal.com/ouath
30 verbose headers { 'content-type': 'application/json; charset=utf-8',
30 verbose headers   'x-registry': 'https://registry.npmjs.org/',
30 verbose headers   server: 'CouchDB/1.5.0 (Erlang OTP/R16B03)',
30 verbose headers   'cache-control': 'max-age=0',
30 verbose headers   'accept-ranges': 'bytes',
30 verbose headers   via: '1.1 varnish',
30 verbose headers   age: '0',
30 verbose headers   'x-served-by': 'cache-sjc3133-SJC',
30 verbose headers   'x-cache': 'MISS',
30 verbose headers   'x-cache-hits': '0',
30 verbose headers   'x-timer': 'S1416936009.117480,VS0,VE36',
30 verbose headers   'keep-alive': 'timeout=10, max=50',
30 verbose headers   connection: 'Keep-Alive',
30 verbose headers   'content-encoding': 'gzip',
30 verbose headers   vary: 'accept-encoding',
30 verbose headers   date: 'Tue, 25 Nov 2014 17:20:09 GMT',
30 verbose headers   'transfer-encoding': 'chunked' }
31 silly registry.get cb [ 404,
31 silly registry.get   { 'content-type': 'application/json; charset=utf-8',
31 silly registry.get     'x-registry': 'https://registry.npmjs.org/',
31 silly registry.get     server: 'CouchDB/1.5.0 (Erlang OTP/R16B03)',
31 silly registry.get     'cache-control': 'max-age=0',
31 silly registry.get     'accept-ranges': 'bytes',
31 silly registry.get     via: '1.1 varnish',
31 silly registry.get     age: '0',
31 silly registry.get     'x-served-by': 'cache-sjc3133-SJC',
31 silly registry.get     'x-cache': 'MISS',
31 silly registry.get     'x-cache-hits': '0',
31 silly registry.get     'x-timer': 'S1416936009.117480,VS0,VE36',
31 silly registry.get     'keep-alive': 'timeout=10, max=50',
31 silly registry.get     connection: 'Keep-Alive',
31 silly registry.get     'content-encoding': 'gzip',
31 silly registry.get     vary: 'accept-encoding',
31 silly registry.get     date: 'Tue, 25 Nov 2014 17:20:09 GMT',
31 silly registry.get     'transfer-encoding': 'chunked' } ]
32 silly lockFile 31ff61ef-ouath ouath@
33 silly lockFile 31ff61ef-ouath ouath@
34 error 404 404 Not Found: ouath
34 error 404
34 error 404 'ouath' is not in the npm registry.
34 error 404 You should bug the author to publish it
34 error 404 It was specified as a dependency of 'rdb'
34 error 404
34 error 404 Note that you can also install from a
34 error 404 tarball, folder, or http url, or git url.
35 error System Windows_NT 6.1.7601
36 error command "c:\\Program Files\\nodejs\\node.exe" "c:\\Program Files\\nodejs\\node_modules\\npm\\bin\\npm-cli.js" "install" "ouath"
37 error cwd c:\KrakenApp\RDB
38 error node -v v0.10.33
39 error npm -v 1.4.28
40 error code E404
41 verbose exit [ 1, true ]
